<?xml version="1.0" encoding="UTF-8"?>
<testsuite xmlns:xsi="http://www.w3.org/2001/XMLSchema-instance" xsi:noNamespaceSchemaLocation="https://maven.apache.org/surefire/maven-surefire-plugin/xsd/surefire-test-report.xsd" name="com.seuusuario.person.PersonDAOTest" time="0.031" tests="6" errors="0" skipped="0" failures="0">
  <properties>
[...]
</properties>
  <testcase name="testNomeComNumeros" classname="com.seuusuario.person.PersonDAOTest" time="0.017"/>
  <testcase name="testSemEmails" classname="com.seuusuario.person.PersonDAOTest" time="0"/>
  <testcase name="testIdadeInvalida" classname="com.seuusuario.person.PersonDAOTest" time="0.001"/>
  <testcase name="testNomeComUmaParte" classname="com.seuusuario.person.PersonDAOTest" time="0.001"/>
  <testcase name="testEmailInvalido" classname="com.seuusuario.person.PersonDAOTest" time="0.001"/>
  <testcase name="testPessoaValida" classname="com.seuusuario.person.PersonDAOTest" time="0.001"/>
</testsuite>